⚠ No build cache found. Please configure build caching for faster rebuilds. Read more: https://nextjs.org/docs/messages/no-cache
   ▲ Next.js 15.5.2
   - Environments: .env.local

   Creating an optimized production build ...
 ✓ (pwa) Compiling for server...
 ✓ (pwa) Compiling for server...
 ✓ (pwa) Compiling for client (static)...
 ○ (pwa) Service worker: /workspace/worktree-base/public/sw.js
 ○ (pwa)   URL: /sw.js
 ○ (pwa)   Scope: /
 ○ (pwa) Custom runtimeCaching array found, using it instead of the default one.
Error parsing bundle asset "/workspace/worktree-base/.next/server/chunks/2919.js": Cannot read properties of undefined (reading 'arguments')
Error parsing bundle asset "/workspace/worktree-base/.next/server/chunks/1565.js": Cannot read properties of undefined (reading 'arguments')
[1mWebpack Bundle Analyzer[22m saved report to [1m/workspace/worktree-base/.next/analyze/nodejs.html[22m
[1mWebpack Bundle Analyzer[22m saved report to [1m/workspace/worktree-base/.next/analyze/edge.html[22m
[1mWebpack Bundle Analyzer[22m saved report to [1m/workspace/worktree-base/.next/analyze/client.html[22m
 ✓ Compiled successfully in 101s
   Skipping linting
   Checking validity of types ...
   Collecting page data ...
   Generating static pages (0/79) ...
   Generating static pages (19/79) 
   Generating static pages (39/79) 
   Generating static pages (59/79) 
 ✓ Generating static pages (79/79)
   Finalizing page optimization ...
   Collecting build traces ...

Route (app)                                   Size  First Load JS
┌ ƒ /api/log-client-error                      0 B         110 kB
└ ○ /icon.svg                                  0 B            0 B
+ First Load JS shared by all               110 kB
  ├ chunks/1457-14b333531562c96a.js        46.6 kB
  ├ chunks/4bd1b696-182b6b13bdad92e3.js    54.2 kB
  └ other shared chunks (total)            9.01 kB

Route (pages)                                 Size  First Load JS
┌ ○ /                                      2.76 kB         257 kB
├   /_app                                      0 B         254 kB
├ ○ /404                                     184 B         254 kB
├ ○ /admin/messages (451 ms)                 640 B         255 kB
├ ƒ /api/admin/messages                        0 B         254 kB
├ ƒ /api/contact                               0 B         254 kB
├ ƒ /api/dummy                                 0 B         254 kB
├ ƒ /api/figlet/fonts                          0 B         254 kB
├ ƒ /api/hydra                                 0 B         254 kB
├ ƒ /api/john                                  0 B         254 kB
├ ƒ /api/leaderboard/submit                    0 B         254 kB
├ ƒ /api/leaderboard/top                       0 B         254 kB
├ ƒ /api/metasploit                            0 B         254 kB
├ ƒ /api/mimikatz                              0 B         254 kB
├ ƒ /api/modules/update                        0 B         254 kB
├ ƒ /api/nse/update                            0 B         254 kB
├ ƒ /api/pacman/leaderboard                    0 B         254 kB
├ ƒ /api/plugins                               0 B         254 kB
├ ƒ /api/plugins/[name]                        0 B         254 kB
├ ƒ /api/quote                                 0 B         254 kB
├ ƒ /api/radare2                               0 B         254 kB
├ ƒ /api/share                                 0 B         254 kB
├ ƒ /api/track                                 0 B         254 kB
├ ƒ /api/wallpapers                            0 B         254 kB
├ ○ /apps                                   4.9 kB         263 kB
├ ○ /apps/2048 (477 ms)                    1.79 kB         256 kB
├ ○ /apps/ascii-art (457 ms)               1.82 kB         256 kB
├ ○ /apps/autopsy (449 ms)                  1.8 kB         256 kB
├ ○ /apps/beef (454 ms)                    1.81 kB         256 kB
├ ○ /apps/blackjack (454 ms)               1.82 kB         256 kB
├ ○ /apps/calculator                       14.7 kB         269 kB
├ ○ /apps/checkers (455 ms)                1.82 kB         256 kB
├ ○ /apps/connect-four (455 ms)            1.81 kB         256 kB
├ ○ /apps/contact                          1.82 kB         256 kB
├ ○ /apps/converter                         1.8 kB         256 kB
├ ○ /apps/figlet                            1.8 kB         256 kB
├ ○ /apps/firefox                           1.8 kB         256 kB
├ ○ /apps/http                              1.8 kB         256 kB
├ ○ /apps/input-lab                        1.79 kB         256 kB
├ ○ /apps/john                              1.8 kB         256 kB
├ ○ /apps/kismet                            1.8 kB         256 kB
├ ○ /apps/metasploit                       1.82 kB         256 kB
├ ○ /apps/metasploit-post                  1.81 kB         256 kB
├ ○ /apps/mimikatz/offline (457 ms)        1.81 kB         256 kB
├ ○ /apps/minesweeper (446 ms)             1.83 kB         256 kB
├ ○ /apps/nmap-nse (446 ms)                 1.8 kB         256 kB
├ ○ /apps/password_generator (493 ms)      3.34 kB         257 kB
├ ○ /apps/phaser_matter (492 ms)           3.35 kB         257 kB
├ ○ /apps/pinball (445 ms)                  1.8 kB         256 kB
├ ○ /apps/project-gallery (445 ms)          1.8 kB         256 kB
├ ○ /apps/qr (444 ms)                      1.81 kB         256 kB
├ ○ /apps/settings                         1.79 kB         256 kB
├ ○ /apps/simon                            1.82 kB         256 kB
├ ○ /apps/sokoban                          3.33 kB         257 kB
├ ○ /apps/solitaire                        1.81 kB         256 kB
├ ○ /apps/spotify                          1.79 kB         256 kB
├ ○ /apps/ssh                               1.8 kB         256 kB
├ ○ /apps/sticky_notes                     1.81 kB         256 kB
├ ○ /apps/subnet-calculator                1.81 kB         256 kB
├ ○ /apps/timer_stopwatch                  1.81 kB         256 kB
├ ○ /apps/tower-defense                    1.81 kB         256 kB
├ ○ /apps/volatility                       1.81 kB         256 kB
├ ○ /apps/vscode                           1.82 kB         256 kB
├ ○ /apps/weather (485 ms)                 1.82 kB         256 kB
├ ○ /apps/weather_widget (481 ms)          2.07 kB         256 kB
├ ○ /apps/wireshark (479 ms)               1.81 kB         256 kB
├ ○ /apps/word_search (497 ms)             3.37 kB         257 kB
├ ○ /apps/x (480 ms)                        1.8 kB         256 kB
├ ○ /daily-quote (920 ms)                    25 kB         279 kB
├ ○ /dummy-form (479 ms)                    1.3 kB         255 kB
├ ○ /gamepad-calibration (480 ms)          1.94 kB         256 kB
├ ○ /games/blackjack (479 ms)              1.82 kB         256 kB
├ ○ /games/blackjack/trainer               1.81 kB         256 kB
├ ○ /games/breakout/editor                 1.81 kB         256 kB
├ ○ /hook-flow                               640 B         259 kB
├ ○ /hydra-preview                         1.15 kB         255 kB
├ ○ /input-hub                             2.17 kB         256 kB
├ ○ /keyboard-reference                      614 B         255 kB
├ ○ /module-workspace                      2.08 kB         256 kB
├ ○ /nessus-dashboard                      5.46 kB         279 kB
├ ○ /nessus-report                         2.64 kB         257 kB
├ ○ /network-topology                      1.76 kB         256 kB
├ ○ /nikto-report (929 ms)                 1.74 kB         256 kB
├ ○ /notes                                 32.7 kB         287 kB
├ ○ /popular-modules (921 ms)              2.99 kB         257 kB
├ ○ /post_exploitation (920 ms)            15.1 kB         273 kB
├ ○ /profile (920 ms)                      1.62 kB         256 kB
├ ○ /qr                                     122 kB         389 kB
├ ○ /qr/vcard (918 ms)                     1.15 kB         268 kB
├ ○ /recon/graph (918 ms)                  2.33 kB         256 kB
├ ○ /security-education (919 ms)           1.37 kB         275 kB
├ ○ /sekurlsa_logonpasswords                1.8 kB         256 kB
├ ○ /share-target                            599 B         255 kB
├ ○ /spoofing                              1.78 kB         256 kB
├ ○ /ui/settings/theme                     1.34 kB         255 kB
├ ○ /video-gallery                         1.18 kB         259 kB
└ ○ /wps-attack                            2.38 kB         256 kB
+ First Load JS shared by all               277 kB
  ├ chunks/framework-d3e1aac7d8557155.js   58.1 kB
  ├ chunks/main-0306abbfb22788a7.js        39.2 kB
  ├ chunks/pages/_app-e874bac735d917aa.js   148 kB
  ├ css/78b8cc0a69f8d04d.css               22.9 kB
  └ other shared chunks (total)            8.73 kB

ƒ Middleware                               34.2 kB

○  (Static)   prerendered as static content
ƒ  (Dynamic)  server-rendered on demand

